# JRE version: OpenJDK Runtime Environment Corretto-17.0.2.8.1 (17.0.2+8) (build 17.0.2+8-LTS)
# Java VM: OpenJDK 64-Bit Server VM Corretto-17.0.2.8.1 (17.0.2+8-LTS, mixed mode, sharing, tiered, compressed oops, compressed class ptrs, g1 gc, bsd-amd64)
GC Precious Log:
 CPUs: 4 total, 4 available
 Memory: 8192M
 Large Page Support: Disabled
 NUMA Support: Disabled
 Compressed Oops: Enabled (Zero based)
 Heap Region Size: 1M
 Heap Min Capacity: 8M
 Heap Initial Capacity: 128M
 Heap Max Capacity: 2G
 Pre-touch: Disabled
 Parallel Workers: 4
 Concurrent Workers: 1
 Concurrent Refinement Workers: 4
 Periodic GC: Disabled
Heap:
 garbage-first heap   total 133120K, used 13183K [0x0000000780000000, 0x0000000800000000)
  region size 1024K, 7 young (7168K), 7 survivors (7168K)
 Metaspace       used 21282K, committed 21568K, reserved 1073152K
  class space    used 2720K, committed 2816K, reserved 1048576K
GC Heap History (8 events):
Event: 0,825 GC heap before
{Heap before GC invocations=0 (full 0):
 garbage-first heap   total 133120K, used 14292K [0x0000000780000000, 0x0000000800000000)
  region size 1024K, 13 young (13312K), 0 survivors (0K)
 Metaspace       used 3354K, committed 3520K, reserved 1056768K
  class space    used 363K, committed 448K, reserved 1048576K
}
Event: 0,831 GC heap after
{Heap after GC invocations=1 (full 0):
 garbage-first heap   total 133120K, used 6828K [0x0000000780000000, 0x0000000800000000)
  region size 1024K, 2 young (2048K), 2 survivors (2048K)
 Metaspace       used 3354K, committed 3520K, reserved 1056768K
  class space    used 363K, committed 448K, reserved 1048576K
}
Event: 1,520 GC heap before
{Heap before GC invocations=1 (full 0):
 garbage-first heap   total 133120K, used 19116K [0x0000000780000000, 0x0000000800000000)
  region size 1024K, 14 young (14336K), 2 survivors (2048K)
 Metaspace       used 6310K, committed 6464K, reserved 1056768K
  class space    used 772K, committed 832K, reserved 1048576K
}
Event: 1,535 GC heap after
{Heap after GC invocations=2 (full 0):
 garbage-first heap   total 133120K, used 7883K [0x0000000780000000, 0x0000000800000000)
  region size 1024K, 1 young (1024K), 1 survivors (1024K)
 Metaspace       used 6310K, committed 6464K, reserved 1056768K
  class space    used 772K, committed 832K, reserved 1048576K
}
Event: 7,279 GC heap before
{Heap before GC invocations=2 (full 0):
 garbage-first heap   total 133120K, used 32459K [0x0000000780000000, 0x0000000800000000)
  region size 1024K, 26 young (26624K), 1 survivors (1024K)
 Metaspace       used 12939K, committed 13184K, reserved 1064960K
  class space    used 1607K, committed 1728K, reserved 1048576K
}
Event: 7,284 GC heap after
{Heap after GC invocations=3 (full 0):
 garbage-first heap   total 133120K, used 9192K [0x0000000780000000, 0x0000000800000000)
  region size 1024K, 3 young (3072K), 3 survivors (3072K)
 Metaspace       used 12939K, committed 13184K, reserved 1064960K
  class space    used 1607K, committed 1728K, reserved 1048576K
}
Event: 9,641 GC heap before
{Heap before GC invocations=3 (full 0):
 garbage-first heap   total 133120K, used 68584K [0x0000000780000000, 0x0000000800000000)
  region size 1024K, 62 young (63488K), 3 survivors (3072K)
 Metaspace       used 21276K, committed 21504K, reserved 1073152K
  class space    used 2720K, committed 2816K, reserved 1048576K
}
Event: 9,661 GC heap after
{Heap after GC invocations=4 (full 0):
 garbage-first heap   total 133120K, used 13183K [0x0000000780000000, 0x0000000800000000)
  region size 1024K, 7 young (7168K), 7 survivors (7168K)
 Metaspace       used 21276K, committed 21504K, reserved 1073152K
  class space    used 2720K, committed 2816K, reserved 1048576K
}

