# JRE version: OpenJDK Runtime Environment Temurin-17.0.5+8 (17.0.5+8) (build 17.0.5+8)
# Java VM: OpenJDK 64-Bit Server VM Temurin-17.0.5+8 (17.0.5+8, mixed mode, tiered, compressed oops, compressed class ptrs, parallel gc, bsd-amd64)
GC Precious Log:
 CPUs: 4 total, 4 available
 Memory: 8192M
 Large Page Support: Disabled
 NUMA Support: Disabled
 Compressed Oops: Enabled (Zero based)
 Alignments: Space 512K, Generation 512K, Heap 2M
 Heap Min Capacity: 100M
 Heap Initial Capacity: 100M
 Heap Max Capacity: 1G
 Pre-touch: Disabled
 Parallel Workers: 4
Heap:
 PSYoungGen      total 5632K, used 1532K [0x00000007eab00000, 0x00000007ebb00000, 0x0000000800000000)
  eden space 4096K, 0% used [0x00000007eab00000,0x00000007eab00000,0x00000007eaf00000)
  from space 1536K, 99% used [0x00000007eb600000,0x00000007eb77f000,0x00000007eb780000)
  to   space 6144K, 0% used [0x00000007eaf00000,0x00000007eaf00000,0x00000007eb500000)
 ParOldGen       total 328192K, used 324722K [0x00000007c0000000, 0x00000007d4080000, 0x00000007eab00000)
  object space 328192K, 98% used [0x00000007c0000000,0x00000007d3d1c9e8,0x00000007d4080000)
 Metaspace       used 87148K, committed 88256K, reserved 1130496K
  class space    used 8865K, committed 9344K, reserved 1048576K
GC Heap History (20 events):
Event: 50647.262 GC heap after
{Heap after GC invocations=1370 (full 52):
 PSYoungGen      total 13312K, used 800K [0x00000007eab00000, 0x00000007ec300000, 0x0000000800000000)
  eden space 12288K, 0% used [0x00000007eab00000,0x00000007eab00000,0x00000007eb700000)
  from space 1024K, 78% used [0x00000007eb700000,0x00000007eb7c8000,0x00000007eb800000)
  to   space 4096K, 0% used [0x00000007ebf00000,0x00000007ebf00000,0x00000007ec300000)
 ParOldGen       total 328192K, used 271191K [0x00000007c0000000, 0x00000007d4080000, 0x00000007eab00000)
  object space 328192K, 82% used [0x00000007c0000000,0x00000007d08d5c98,0x00000007d4080000)
 Metaspace       used 87125K, committed 88192K, reserved 1130496K
  class space    used 8865K, committed 9344K, reserved 1048576K
}
Event: 50647.690 GC heap before
{Heap before GC invocations=1371 (full 52):
 PSYoungGen      total 13312K, used 13088K [0x00000007eab00000, 0x00000007ec300000, 0x0000000800000000)
  eden space 12288K, 100% used [0x00000007eab00000,0x00000007eb700000,0x00000007eb700000)
  from space 1024K, 78% used [0x00000007eb700000,0x00000007eb7c8000,0x00000007eb800000)
  to   space 4096K, 0% used [0x00000007ebf00000,0x00000007ebf00000,0x00000007ec300000)
 ParOldGen       total 328192K, used 271191K [0x00000007c0000000, 0x00000007d4080000, 0x00000007eab00000)
  object space 328192K, 82% used [0x00000007c0000000,0x00000007d08d5c98,0x00000007d4080000)
 Metaspace       used 87135K, committed 88192K, reserved 1130496K
  class space    used 8865K, committed 9344K, reserved 1048576K
}
Event: 50647.695 GC heap after
{Heap after GC invocations=1371 (full 52):
 PSYoungGen      total 14336K, used 1828K [0x00000007eab00000, 0x00000007ec100000, 0x0000000800000000)
  eden space 12288K, 0% used [0x00000007eab00000,0x00000007eab00000,0x00000007eb700000)
  from space 2048K, 89% used [0x00000007ebf00000,0x00000007ec0c9210,0x00000007ec100000)
  to   space 2560K, 0% used [0x00000007ebc00000,0x00000007ebc00000,0x00000007ebe80000)
 ParOldGen       total 328192K, used 271191K [0x00000007c0000000, 0x00000007d4080000, 0x00000007eab00000)
  object space 328192K, 82% used [0x00000007c0000000,0x00000007d08d5c98,0x00000007d4080000)
 Metaspace       used 87135K, committed 88192K, reserved 1130496K
  class space    used 8865K, committed 9344K, reserved 1048576K
}
Event: 50647.762 GC heap before
{Heap before GC invocations=1372 (full 52):
 PSYoungGen      total 14336K, used 14116K [0x00000007eab00000, 0x00000007ec100000, 0x0000000800000000)
  eden space 12288K, 100% used [0x00000007eab00000,0x00000007eb700000,0x00000007eb700000)
  from space 2048K, 89% used [0x00000007ebf00000,0x00000007ec0c9210,0x00000007ec100000)
  to   space 2560K, 0% used [0x00000007ebc00000,0x00000007ebc00000,0x00000007ebe80000)
 ParOldGen       total 328192K, used 271191K [0x00000007c0000000, 0x00000007d4080000, 0x00000007eab00000)
  object space 328192K, 82% used [0x00000007c0000000,0x00000007d08d5c98,0x00000007d4080000)
 Metaspace       used 87135K, committed 88192K, reserved 1130496K
  class space    used 8865K, committed 9344K, reserved 1048576K
}
Event: 50647.768 GC heap after
{Heap after GC invocations=1372 (full 52):
 PSYoungGen      total 14336K, used 1689K [0x00000007eab00000, 0x00000007ebf80000, 0x0000000800000000)
  eden space 12288K, 0% used [0x00000007eab00000,0x00000007eab00000,0x00000007eb700000)
  from space 2048K, 82% used [0x00000007ebc00000,0x00000007ebda6410,0x00000007ebe00000)
  to   space 1536K, 0% used [0x00000007ebe00000,0x00000007ebe00000,0x00000007ebf80000)
 ParOldGen       total 328192K, used 271191K [0x00000007c0000000, 0x00000007d4080000, 0x00000007eab00000)
  object space 328192K, 82% used [0x00000007c0000000,0x00000007d08d5c98,0x00000007d4080000)
 Metaspace       used 87135K, committed 88192K, reserved 1130496K
  class space    used 8865K, committed 9344K, reserved 1048576K
}
Event: 50648.308 GC heap before
{Heap before GC invocations=1373 (full 52):
 PSYoungGen      total 14336K, used 13977K [0x00000007eab00000, 0x00000007ebf80000, 0x0000000800000000)
  eden space 12288K, 100% used [0x00000007eab00000,0x00000007eb700000,0x00000007eb700000)
  from space 2048K, 82% used [0x00000007ebc00000,0x00000007ebda6410,0x00000007ebe00000)
  to   space 1536K, 0% used [0x00000007ebe00000,0x00000007ebe00000,0x00000007ebf80000)
 ParOldGen       total 328192K, used 271191K [0x00000007c0000000, 0x00000007d4080000, 0x00000007eab00000)
  object space 328192K, 82% used [0x00000007c0000000,0x00000007d08d5c98,0x00000007d4080000)
 Metaspace       used 87138K, committed 88192K, reserved 1130496K
  class space    used 8865K, committed 9344K, reserved 1048576K
}
Event: 50648.316 GC heap after
{Heap after GC invocations=1373 (full 52):
 PSYoungGen      total 10240K, used 1519K [0x00000007eab00000, 0x00000007ecc00000, 0x0000000800000000)
  eden space 8704K, 0% used [0x00000007eab00000,0x00000007eab00000,0x00000007eb380000)
  from space 1536K, 98% used [0x00000007ebe00000,0x00000007ebf7bd60,0x00000007ebf80000)
  to   space 10752K, 0% used [0x00000007eb380000,0x00000007eb380000,0x00000007ebe00000)
 ParOldGen       total 328192K, used 278907K [0x00000007c0000000, 0x00000007d4080000, 0x00000007eab00000)
  object space 328192K, 84% used [0x00000007c0000000,0x00000007d105eec8,0x00000007d4080000)
 Metaspace       used 87138K, committed 88192K, reserved 1130496K
  class space    used 8865K, committed 9344K, reserved 1048576K
}
Event: 50648.356 GC heap before
{Heap before GC invocations=1374 (full 52):
 PSYoungGen      total 10240K, used 9968K [0x00000007eab00000, 0x00000007ecc00000, 0x0000000800000000)
  eden space 8704K, 97% used [0x00000007eab00000,0x00000007eb340658,0x00000007eb380000)
  from space 1536K, 98% used [0x00000007ebe00000,0x00000007ebf7bd60,0x00000007ebf80000)
  to   space 10752K, 0% used [0x00000007eb380000,0x00000007eb380000,0x00000007ebe00000)
 ParOldGen       total 328192K, used 278907K [0x00000007c0000000, 0x00000007d4080000, 0x00000007eab00000)
  object space 328192K, 84% used [0x00000007c0000000,0x00000007d105eec8,0x00000007d4080000)
 Metaspace       used 87138K, committed 88192K, reserved 1130496K
  class space    used 8865K, committed 9344K, reserved 1048576K
}
Event: 50648.364 GC heap after
{Heap after GC invocations=1374 (full 52):
 PSYoungGen      total 17920K, used 8855K [0x00000007eab00000, 0x00000007ec580000, 0x0000000800000000)
  eden space 8704K, 0% used [0x00000007eab00000,0x00000007eab00000,0x00000007eb380000)
  from space 9216K, 96% used [0x00000007eb380000,0x00000007ebc25d60,0x00000007ebc80000)
  to   space 9216K, 0% used [0x00000007ebc80000,0x00000007ebc80000,0x00000007ec580000)
 ParOldGen       total 328192K, used 279399K [0x00000007c0000000, 0x00000007d4080000, 0x00000007eab00000)
  object space 328192K, 85% used [0x00000007c0000000,0x00000007d10d9ed8,0x00000007d4080000)
 Metaspace       used 87138K, committed 88192K, reserved 1130496K
  class space    used 8865K, committed 9344K, reserved 1048576K
}
Event: 50648.412 GC heap before
{Heap before GC invocations=1375 (full 52):
 PSYoungGen      total 17920K, used 17559K [0x00000007eab00000, 0x00000007ec580000, 0x0000000800000000)
  eden space 8704K, 100% used [0x00000007eab00000,0x00000007eb380000,0x00000007eb380000)
  from space 9216K, 96% used [0x00000007eb380000,0x00000007ebc25d60,0x00000007ebc80000)
  to   space 9216K, 0% used [0x00000007ebc80000,0x00000007ebc80000,0x00000007ec580000)
 ParOldGen       total 328192K, used 279399K [0x00000007c0000000, 0x00000007d4080000, 0x00000007eab00000)
  object space 328192K, 85% used [0x00000007c0000000,0x00000007d10d9ed8,0x00000007d4080000)
 Metaspace       used 87146K, committed 88256K, reserved 1130496K
  class space    used 8865K, committed 9344K, reserved 1048576K
}
Event: 50648.423 GC heap after
{Heap after GC invocations=1375 (full 52):
 PSYoungGen      total 11776K, used 9205K [0x00000007eab00000, 0x00000007ed180000, 0x0000000800000000)
  eden space 2560K, 0% used [0x00000007eab00000,0x00000007eab00000,0x00000007ead80000)
  from space 9216K, 99% used [0x00000007ebc80000,0x00000007ec57d710,0x00000007ec580000)
  to   space 15360K, 0% used [0x00000007ead80000,0x00000007ead80000,0x00000007ebc80000)
 ParOldGen       total 328192K, used 284215K [0x00000007c0000000, 0x00000007d4080000, 0x00000007eab00000)
  object space 328192K, 86% used [0x00000007c0000000,0x00000007d158ded8,0x00000007d4080000)
 Metaspace       used 87146K, committed 88256K, reserved 1130496K
  class space    used 8865K, committed 9344K, reserved 1048576K
}
Event: 50648.457 GC heap before
{Heap before GC invocations=1376 (full 52):
 PSYoungGen      total 11776K, used 11765K [0x00000007eab00000, 0x00000007ed180000, 0x0000000800000000)
  eden space 2560K, 100% used [0x00000007eab00000,0x00000007ead80000,0x00000007ead80000)
  from space 9216K, 99% used [0x00000007ebc80000,0x00000007ec57d710,0x00000007ec580000)
  to   space 15360K, 0% used [0x00000007ead80000,0x00000007ead80000,0x00000007ebc80000)
 ParOldGen       total 328192K, used 314935K [0x00000007c0000000, 0x00000007d4080000, 0x00000007eab00000)
  object space 328192K, 95% used [0x00000007c0000000,0x00000007d338df08,0x00000007d4080000)
 Metaspace       used 87148K, committed 88256K, reserved 1130496K
  class space    used 8865K, committed 9344K, reserved 1048576K
}
Event: 50648.472 GC heap after
{Heap after GC invocations=1376 (full 52):
 PSYoungGen      total 4608K, used 1584K [0x00000007eab00000, 0x00000007ebd00000, 0x0000000800000000)
  eden space 2560K, 0% used [0x00000007eab00000,0x00000007eab00000,0x00000007ead80000)
  from space 2048K, 77% used [0x00000007ead80000,0x00000007eaf0c000,0x00000007eaf80000)
  to   space 6144K, 0% used [0x00000007eb700000,0x00000007eb700000,0x00000007ebd00000)
 ParOldGen       total 328192K, used 318447K [0x00000007c0000000, 0x00000007d4080000, 0x00000007eab00000)
  object space 328192K, 97% used [0x00000007c0000000,0x00000007d36fbf08,0x00000007d4080000)
 Metaspace       used 87148K, committed 88256K, reserved 1130496K
  class space    used 8865K, committed 9344K, reserved 1048576K
}
Event: 50648.510 GC heap before
{Heap before GC invocations=1377 (full 52):
 PSYoungGen      total 4608K, used 4144K [0x00000007eab00000, 0x00000007ebd00000, 0x0000000800000000)
  eden space 2560K, 100% used [0x00000007eab00000,0x00000007ead80000,0x00000007ead80000)
  from space 2048K, 77% used [0x00000007ead80000,0x00000007eaf0c000,0x00000007eaf80000)
  to   space 6144K, 0% used [0x00000007eb700000,0x00000007eb700000,0x00000007ebd00000)
 ParOldGen       total 328192K, used 318447K [0x00000007c0000000, 0x00000007d4080000, 0x00000007eab00000)
  object space 328192K, 97% used [0x00000007c0000000,0x00000007d36fbf08,0x00000007d4080000)
 Metaspace       used 87148K, committed 88256K, reserved 1130496K
  class space    used 8865K, committed 9344K, reserved 1048576K
}
Event: 50648.514 GC heap after
{Heap after GC invocations=1377 (full 52):
 PSYoungGen      total 5120K, used 2266K [0x00000007eab00000, 0x00000007eb980000, 0x0000000800000000)
  eden space 2560K, 0% used [0x00000007eab00000,0x00000007eab00000,0x00000007ead80000)
  from space 2560K, 88% used [0x00000007eb700000,0x00000007eb936ae0,0x00000007eb980000)
  to   space 3072K, 0% used [0x00000007eb380000,0x00000007eb380000,0x00000007eb680000)
 ParOldGen       total 328192K, used 318519K [0x00000007c0000000, 0x00000007d4080000, 0x00000007eab00000)
  object space 328192K, 97% used [0x00000007c0000000,0x00000007d370df08,0x00000007d4080000)
 Metaspace       used 87148K, committed 88256K, reserved 1130496K
  class space    used 8865K, committed 9344K, reserved 1048576K
}
Event: 50648.526 GC heap before
{Heap before GC invocations=1378 (full 52):
 PSYoungGen      total 5120K, used 4826K [0x00000007eab00000, 0x00000007eb980000, 0x0000000800000000)
  eden space 2560K, 100% used [0x00000007eab00000,0x00000007ead80000,0x00000007ead80000)
  from space 2560K, 88% used [0x00000007eb700000,0x00000007eb936ae0,0x00000007eb980000)
  to   space 3072K, 0% used [0x00000007eb380000,0x00000007eb380000,0x00000007eb680000)
 ParOldGen       total 328192K, used 318519K [0x00000007c0000000, 0x00000007d4080000, 0x00000007eab00000)
  object space 328192K, 97% used [0x00000007c0000000,0x00000007d370df08,0x00000007d4080000)
 Metaspace       used 87148K, committed 88256K, reserved 1130496K
  class space    used 8865K, committed 9344K, reserved 1048576K
}
Event: 50648.536 GC heap after
{Heap after GC invocations=1378 (full 52):
 PSYoungGen      total 5632K, used 2560K [0x00000007eab00000, 0x00000007eb780000, 0x0000000800000000)
  eden space 3072K, 0% used [0x00000007eab00000,0x00000007eab00000,0x00000007eae00000)
  from space 2560K, 100% used [0x00000007eb380000,0x00000007eb600000,0x00000007eb600000)
  to   space 1536K, 0% used [0x00000007eb600000,0x00000007eb600000,0x00000007eb780000)
 ParOldGen       total 328192K, used 320770K [0x00000007c0000000, 0x00000007d4080000, 0x00000007eab00000)
  object space 328192K, 97% used [0x00000007c0000000,0x00000007d39409e8,0x00000007d4080000)
 Metaspace       used 87148K, committed 88256K, reserved 1130496K
  class space    used 8865K, committed 9344K, reserved 1048576K
}
Event: 50648.555 GC heap before
{Heap before GC invocations=1379 (full 52):
 PSYoungGen      total 5632K, used 5610K [0x00000007eab00000, 0x00000007eb780000, 0x0000000800000000)
  eden space 3072K, 99% used [0x00000007eab00000,0x00000007eadfa8e0,0x00000007eae00000)
  from space 2560K, 100% used [0x00000007eb380000,0x00000007eb600000,0x00000007eb600000)
  to   space 1536K, 0% used [0x00000007eb600000,0x00000007eb600000,0x00000007eb780000)
 ParOldGen       total 328192K, used 320770K [0x00000007c0000000, 0x00000007d4080000, 0x00000007eab00000)
  object space 328192K, 97% used [0x00000007c0000000,0x00000007d39409e8,0x00000007d4080000)
 Metaspace       used 87148K, committed 88256K, reserved 1130496K
  class space    used 8865K, committed 9344K, reserved 1048576K
}
Event: 50648.563 GC heap after
{Heap after GC invocations=1379 (full 52):
 PSYoungGen      total 5632K, used 1532K [0x00000007eab00000, 0x00000007ebb00000, 0x0000000800000000)
  eden space 4096K, 0% used [0x00000007eab00000,0x00000007eab00000,0x00000007eaf00000)
  from space 1536K, 99% used [0x00000007eb600000,0x00000007eb77f000,0x00000007eb780000)
  to   space 6144K, 0% used [0x00000007eaf00000,0x00000007eaf00000,0x00000007eb500000)
 ParOldGen       total 328192K, used 324722K [0x00000007c0000000, 0x00000007d4080000, 0x00000007eab00000)
  object space 328192K, 98% used [0x00000007c0000000,0x00000007d3d1c9e8,0x00000007d4080000)
 Metaspace       used 87148K, committed 88256K, reserved 1130496K
  class space    used 8865K, committed 9344K, reserved 1048576K
}
Event: 50648.563 GC heap before
{Heap before GC invocations=1380 (full 53):
 PSYoungGen      total 5632K, used 1532K [0x00000007eab00000, 0x00000007ebb00000, 0x0000000800000000)
  eden space 4096K, 0% used [0x00000007eab00000,0x00000007eab00000,0x00000007eaf00000)
  from space 1536K, 99% used [0x00000007eb600000,0x00000007eb77f000,0x00000007eb780000)
  to   space 6144K, 0% used [0x00000007eaf00000,0x00000007eaf00000,0x00000007eb500000)
 ParOldGen       total 328192K, used 324722K [0x00000007c0000000, 0x00000007d4080000, 0x00000007eab00000)
  object space 328192K, 98% used [0x00000007c0000000,0x00000007d3d1c9e8,0x00000007d4080000)
 Metaspace       used 87148K, committed 88256K, reserved 1130496K
  class space    used 8865K, committed 9344K, reserved 1048576K
}

