# JRE version: OpenJDK Runtime Environment Temurin-17.0.5+8 (17.0.5+8) (build 17.0.5+8)
# Java VM: OpenJDK 64-Bit Server VM Temurin-17.0.5+8 (17.0.5+8, mixed mode, tiered, compressed oops, compressed class ptrs, parallel gc, bsd-amd64)
GC Precious Log:
 CPUs: 4 total, 4 available
 Memory: 8192M
 Large Page Support: Disabled
 NUMA Support: Disabled
 Compressed Oops: Enabled (Zero based)
 Alignments: Space 512K, Generation 512K, Heap 2M
 Heap Min Capacity: 100M
 Heap Initial Capacity: 100M
 Heap Max Capacity: 1G
 Pre-touch: Disabled
 Parallel Workers: 4
Heap:
 PSYoungGen      total 14336K, used 1428K [0x00000007eab00000, 0x00000007ebb00000, 0x0000000800000000)
  eden space 12288K, 0% used [0x00000007eab00000,0x00000007eab00000,0x00000007eb700000)
  from space 2048K, 69% used [0x00000007eb700000,0x00000007eb865200,0x00000007eb900000)
  to   space 1536K, 0% used [0x00000007eb980000,0x00000007eb980000,0x00000007ebb00000)
 ParOldGen       total 373248K, used 372762K [0x00000007c0000000, 0x00000007d6c80000, 0x00000007eab00000)
  object space 373248K, 99% used [0x00000007c0000000,0x00000007d6c06910,0x00000007d6c80000)
 Metaspace       used 98337K, committed 99776K, reserved 1146880K
  class space    used 9442K, committed 10048K, reserved 1048576K
GC Heap History (20 events):
Event: 63300.469 GC heap after
{Heap after GC invocations=54213 (full 895):
 PSYoungGen      total 11264K, used 708K [0x00000007eab00000, 0x00000007eb880000, 0x0000000800000000)
  eden space 10240K, 0% used [0x00000007eab00000,0x00000007eab00000,0x00000007eb500000)
  from space 1024K, 69% used [0x00000007eb780000,0x00000007eb831210,0x00000007eb880000)
  to   space 1536K, 0% used [0x00000007eb580000,0x00000007eb580000,0x00000007eb700000)
 ParOldGen       total 373248K, used 363264K [0x00000007c0000000, 0x00000007d6c80000, 0x00000007eab00000)
  object space 373248K, 97% used [0x00000007c0000000,0x00000007d62c0100,0x00000007d6c80000)
 Metaspace       used 98337K, committed 99776K, reserved 1146880K
  class space    used 9442K, committed 10048K, reserved 1048576K
}
Event: 63300.507 GC heap before
{Heap before GC invocations=54214 (full 895):
 PSYoungGen      total 11264K, used 10948K [0x00000007eab00000, 0x00000007eb880000, 0x0000000800000000)
  eden space 10240K, 100% used [0x00000007eab00000,0x00000007eb500000,0x00000007eb500000)
  from space 1024K, 69% used [0x00000007eb780000,0x00000007eb831210,0x00000007eb880000)
  to   space 1536K, 0% used [0x00000007eb580000,0x00000007eb580000,0x00000007eb700000)
 ParOldGen       total 373248K, used 363264K [0x00000007c0000000, 0x00000007d6c80000, 0x00000007eab00000)
  object space 373248K, 97% used [0x00000007c0000000,0x00000007d62c0100,0x00000007d6c80000)
 Metaspace       used 98337K, committed 99776K, reserved 1146880K
  class space    used 9442K, committed 10048K, reserved 1048576K
}
Event: 63300.511 GC heap after
{Heap after GC invocations=54214 (full 895):
 PSYoungGen      total 11776K, used 1290K [0x00000007eab00000, 0x00000007eb800000, 0x0000000800000000)
  eden space 10240K, 0% used [0x00000007eab00000,0x00000007eab00000,0x00000007eb500000)
  from space 1536K, 84% used [0x00000007eb580000,0x00000007eb6c2910,0x00000007eb700000)
  to   space 1024K, 0% used [0x00000007eb700000,0x00000007eb700000,0x00000007eb800000)
 ParOldGen       total 373248K, used 363892K [0x00000007c0000000, 0x00000007d6c80000, 0x00000007eab00000)
  object space 373248K, 97% used [0x00000007c0000000,0x00000007d635d340,0x00000007d6c80000)
 Metaspace       used 98337K, committed 99776K, reserved 1146880K
  class space    used 9442K, committed 10048K, reserved 1048576K
}
Event: 63300.553 GC heap before
{Heap before GC invocations=54215 (full 895):
 PSYoungGen      total 11776K, used 11530K [0x00000007eab00000, 0x00000007eb800000, 0x0000000800000000)
  eden space 10240K, 100% used [0x00000007eab00000,0x00000007eb500000,0x00000007eb500000)
  from space 1536K, 84% used [0x00000007eb580000,0x00000007eb6c2910,0x00000007eb700000)
  to   space 1024K, 0% used [0x00000007eb700000,0x00000007eb700000,0x00000007eb800000)
 ParOldGen       total 373248K, used 363892K [0x00000007c0000000, 0x00000007d6c80000, 0x00000007eab00000)
  object space 373248K, 97% used [0x00000007c0000000,0x00000007d635d340,0x00000007d6c80000)
 Metaspace       used 98337K, committed 99776K, reserved 1146880K
  class space    used 9442K, committed 10048K, reserved 1048576K
}
Event: 63300.559 GC heap after
{Heap after GC invocations=54215 (full 895):
 PSYoungGen      total 10240K, used 1012K [0x00000007eab00000, 0x00000007ebb00000, 0x0000000800000000)
  eden space 9216K, 0% used [0x00000007eab00000,0x00000007eab00000,0x00000007eb400000)
  from space 1024K, 98% used [0x00000007eb700000,0x00000007eb7fd200,0x00000007eb800000)
  to   space 3072K, 0% used [0x00000007eb400000,0x00000007eb400000,0x00000007eb700000)
 ParOldGen       total 373248K, used 365453K [0x00000007c0000000, 0x00000007d6c80000, 0x00000007eab00000)
  object space 373248K, 97% used [0x00000007c0000000,0x00000007d64e3690,0x00000007d6c80000)
 Metaspace       used 98337K, committed 99776K, reserved 1146880K
  class space    used 9442K, committed 10048K, reserved 1048576K
}
Event: 63300.594 GC heap before
{Heap before GC invocations=54216 (full 895):
 PSYoungGen      total 10240K, used 10228K [0x00000007eab00000, 0x00000007ebb00000, 0x0000000800000000)
  eden space 9216K, 100% used [0x00000007eab00000,0x00000007eb400000,0x00000007eb400000)
  from space 1024K, 98% used [0x00000007eb700000,0x00000007eb7fd200,0x00000007eb800000)
  to   space 3072K, 0% used [0x00000007eb400000,0x00000007eb400000,0x00000007eb700000)
 ParOldGen       total 373248K, used 365453K [0x00000007c0000000, 0x00000007d6c80000, 0x00000007eab00000)
  object space 373248K, 97% used [0x00000007c0000000,0x00000007d64e3690,0x00000007d6c80000)
 Metaspace       used 98337K, committed 99776K, reserved 1146880K
  class space    used 9442K, committed 10048K, reserved 1048576K
}
Event: 63300.599 GC heap after
{Heap after GC invocations=54216 (full 895):
 PSYoungGen      total 10752K, used 1428K [0x00000007eab00000, 0x00000007eb800000, 0x0000000800000000)
  eden space 9216K, 0% used [0x00000007eab00000,0x00000007eab00000,0x00000007eb400000)
  from space 1536K, 93% used [0x00000007eb400000,0x00000007eb565200,0x00000007eb580000)
  to   space 2048K, 0% used [0x00000007eb600000,0x00000007eb600000,0x00000007eb800000)
 ParOldGen       total 373248K, used 366490K [0x00000007c0000000, 0x00000007d6c80000, 0x00000007eab00000)
  object space 373248K, 98% used [0x00000007c0000000,0x00000007d65e68f0,0x00000007d6c80000)
 Metaspace       used 98337K, committed 99776K, reserved 1146880K
  class space    used 9442K, committed 10048K, reserved 1048576K
}
Event: 63300.634 GC heap before
{Heap before GC invocations=54217 (full 895):
 PSYoungGen      total 10752K, used 10644K [0x00000007eab00000, 0x00000007eb800000, 0x0000000800000000)
  eden space 9216K, 100% used [0x00000007eab00000,0x00000007eb400000,0x00000007eb400000)
  from space 1536K, 93% used [0x00000007eb400000,0x00000007eb565200,0x00000007eb580000)
  to   space 2048K, 0% used [0x00000007eb600000,0x00000007eb600000,0x00000007eb800000)
 ParOldGen       total 373248K, used 366490K [0x00000007c0000000, 0x00000007d6c80000, 0x00000007eab00000)
  object space 373248K, 98% used [0x00000007c0000000,0x00000007d65e68f0,0x00000007d6c80000)
 Metaspace       used 98337K, committed 99776K, reserved 1146880K
  class space    used 9442K, committed 10048K, reserved 1048576K
}
Event: 63300.638 GC heap after
{Heap after GC invocations=54217 (full 895):
 PSYoungGen      total 9728K, used 292K [0x00000007eab00000, 0x00000007eb680000, 0x0000000800000000)
  eden space 9216K, 0% used [0x00000007eab00000,0x00000007eab00000,0x00000007eb400000)
  from space 512K, 57% used [0x00000007eb600000,0x00000007eb649210,0x00000007eb680000)
  to   space 1024K, 0% used [0x00000007eb480000,0x00000007eb480000,0x00000007eb580000)
 ParOldGen       total 373248K, used 367870K [0x00000007c0000000, 0x00000007d6c80000, 0x00000007eab00000)
  object space 373248K, 98% used [0x00000007c0000000,0x00000007d673fbb0,0x00000007d6c80000)
 Metaspace       used 98337K, committed 99776K, reserved 1146880K
  class space    used 9442K, committed 10048K, reserved 1048576K
}
Event: 63300.672 GC heap before
{Heap before GC invocations=54218 (full 895):
 PSYoungGen      total 9728K, used 9508K [0x00000007eab00000, 0x00000007eb680000, 0x0000000800000000)
  eden space 9216K, 100% used [0x00000007eab00000,0x00000007eb400000,0x00000007eb400000)
  from space 512K, 57% used [0x00000007eb600000,0x00000007eb649210,0x00000007eb680000)
  to   space 1024K, 0% used [0x00000007eb480000,0x00000007eb480000,0x00000007eb580000)
 ParOldGen       total 373248K, used 367870K [0x00000007c0000000, 0x00000007d6c80000, 0x00000007eab00000)
  object space 373248K, 98% used [0x00000007c0000000,0x00000007d673fbb0,0x00000007d6c80000)
 Metaspace       used 98337K, committed 99776K, reserved 1146880K
  class space    used 9442K, committed 10048K, reserved 1048576K
}
Event: 63300.683 GC heap after
{Heap after GC invocations=54218 (full 895):
 PSYoungGen      total 10752K, used 996K [0x00000007eab00000, 0x00000007eb980000, 0x0000000800000000)
  eden space 9728K, 0% used [0x00000007eab00000,0x00000007eab00000,0x00000007eb480000)
  from space 1024K, 97% used [0x00000007eb480000,0x00000007eb579210,0x00000007eb580000)
  to   space 2048K, 0% used [0x00000007eb780000,0x00000007eb780000,0x00000007eb980000)
 ParOldGen       total 373248K, used 368355K [0x00000007c0000000, 0x00000007d6c80000, 0x00000007eab00000)
  object space 373248K, 98% used [0x00000007c0000000,0x00000007d67b8e10,0x00000007d6c80000)
 Metaspace       used 98337K, committed 99776K, reserved 1146880K
  class space    used 9442K, committed 10048K, reserved 1048576K
}
Event: 63300.749 GC heap before
{Heap before GC invocations=54219 (full 895):
 PSYoungGen      total 10752K, used 10724K [0x00000007eab00000, 0x00000007eb980000, 0x0000000800000000)
  eden space 9728K, 100% used [0x00000007eab00000,0x00000007eb480000,0x00000007eb480000)
  from space 1024K, 97% used [0x00000007eb480000,0x00000007eb579210,0x00000007eb580000)
  to   space 2048K, 0% used [0x00000007eb780000,0x00000007eb780000,0x00000007eb980000)
 ParOldGen       total 373248K, used 368355K [0x00000007c0000000, 0x00000007d6c80000, 0x00000007eab00000)
  object space 373248K, 98% used [0x00000007c0000000,0x00000007d67b8e10,0x00000007d6c80000)
 Metaspace       used 98337K, committed 99776K, reserved 1146880K
  class space    used 9442K, committed 10048K, reserved 1048576K
}
Event: 63300.786 GC heap after
{Heap after GC invocations=54219 (full 895):
 PSYoungGen      total 12800K, used 1140K [0x00000007eab00000, 0x00000007eb900000, 0x0000000800000000)
  eden space 11264K, 0% used [0x00000007eab00000,0x00000007eab00000,0x00000007eb600000)
  from space 1536K, 74% used [0x00000007eb780000,0x00000007eb89d200,0x00000007eb900000)
  to   space 1536K, 0% used [0x00000007eb600000,0x00000007eb600000,0x00000007eb780000)
 ParOldGen       total 373248K, used 369376K [0x00000007c0000000, 0x00000007d6c80000, 0x00000007eab00000)
  object space 373248K, 98% used [0x00000007c0000000,0x00000007d68b8030,0x00000007d6c80000)
 Metaspace       used 98337K, committed 99776K, reserved 1146880K
  class space    used 9442K, committed 10048K, reserved 1048576K
}
Event: 63300.969 GC heap before
{Heap before GC invocations=54220 (full 895):
 PSYoungGen      total 12800K, used 12404K [0x00000007eab00000, 0x00000007eb900000, 0x0000000800000000)
  eden space 11264K, 100% used [0x00000007eab00000,0x00000007eb600000,0x00000007eb600000)
  from space 1536K, 74% used [0x00000007eb780000,0x00000007eb89d200,0x00000007eb900000)
  to   space 1536K, 0% used [0x00000007eb600000,0x00000007eb600000,0x00000007eb780000)
 ParOldGen       total 373248K, used 369376K [0x00000007c0000000, 0x00000007d6c80000, 0x00000007eab00000)
  object space 373248K, 98% used [0x00000007c0000000,0x00000007d68b8030,0x00000007d6c80000)
 Metaspace       used 98337K, committed 99776K, reserved 1146880K
  class space    used 9442K, committed 10048K, reserved 1048576K
}
Event: 63300.984 GC heap after
{Heap after GC invocations=54220 (full 895):
 PSYoungGen      total 12800K, used 996K [0x00000007eab00000, 0x00000007ebb00000, 0x0000000800000000)
  eden space 11264K, 0% used [0x00000007eab00000,0x00000007eab00000,0x00000007eb600000)
  from space 1536K, 64% used [0x00000007eb600000,0x00000007eb6f9210,0x00000007eb780000)
  to   space 1536K, 0% used [0x00000007eb980000,0x00000007eb980000,0x00000007ebb00000)
 ParOldGen       total 373248K, used 370456K [0x00000007c0000000, 0x00000007d6c80000, 0x00000007eab00000)
  object space 373248K, 99% used [0x00000007c0000000,0x00000007d69c6280,0x00000007d6c80000)
 Metaspace       used 98337K, committed 99776K, reserved 1146880K
  class space    used 9442K, committed 10048K, reserved 1048576K
}
Event: 63301.093 GC heap before
{Heap before GC invocations=54221 (full 895):
 PSYoungGen      total 12800K, used 12260K [0x00000007eab00000, 0x00000007ebb00000, 0x0000000800000000)
  eden space 11264K, 100% used [0x00000007eab00000,0x00000007eb600000,0x00000007eb600000)
  from space 1536K, 64% used [0x00000007eb600000,0x00000007eb6f9210,0x00000007eb780000)
  to   space 1536K, 0% used [0x00000007eb980000,0x00000007eb980000,0x00000007ebb00000)
 ParOldGen       total 373248K, used 370456K [0x00000007c0000000, 0x00000007d6c80000, 0x00000007eab00000)
  object space 373248K, 99% used [0x00000007c0000000,0x00000007d69c6280,0x00000007d6c80000)
 Metaspace       used 98337K, committed 99776K, reserved 1146880K
  class space    used 9442K, committed 10048K, reserved 1048576K
}
Event: 63301.100 GC heap after
{Heap after GC invocations=54221 (full 895):
 PSYoungGen      total 12800K, used 1498K [0x00000007eab00000, 0x00000007ebb00000, 0x0000000800000000)
  eden space 11264K, 0% used [0x00000007eab00000,0x00000007eab00000,0x00000007eb600000)
  from space 1536K, 97% used [0x00000007eb980000,0x00000007ebaf6900,0x00000007ebb00000)
  to   space 2048K, 0% used [0x00000007eb700000,0x00000007eb700000,0x00000007eb900000)
 ParOldGen       total 373248K, used 371337K [0x00000007c0000000, 0x00000007d6c80000, 0x00000007eab00000)
  object space 373248K, 99% used [0x00000007c0000000,0x00000007d6aa2640,0x00000007d6c80000)
 Metaspace       used 98337K, committed 99776K, reserved 1146880K
  class space    used 9442K, committed 10048K, reserved 1048576K
}
Event: 63301.170 GC heap before
{Heap before GC invocations=54222 (full 895):
 PSYoungGen      total 12800K, used 12762K [0x00000007eab00000, 0x00000007ebb00000, 0x0000000800000000)
  eden space 11264K, 100% used [0x00000007eab00000,0x00000007eb600000,0x00000007eb600000)
  from space 1536K, 97% used [0x00000007eb980000,0x00000007ebaf6900,0x00000007ebb00000)
  to   space 2048K, 0% used [0x00000007eb700000,0x00000007eb700000,0x00000007eb900000)
 ParOldGen       total 373248K, used 371337K [0x00000007c0000000, 0x00000007d6c80000, 0x00000007eab00000)
  object space 373248K, 99% used [0x00000007c0000000,0x00000007d6aa2640,0x00000007d6c80000)
 Metaspace       used 98337K, committed 99776K, reserved 1146880K
  class space    used 9442K, committed 10048K, reserved 1048576K
}
Event: 63301.189 GC heap after
{Heap after GC invocations=54222 (full 895):
 PSYoungGen      total 14336K, used 1428K [0x00000007eab00000, 0x00000007ebb00000, 0x0000000800000000)
  eden space 12288K, 0% used [0x00000007eab00000,0x00000007eab00000,0x00000007eb700000)
  from space 2048K, 69% used [0x00000007eb700000,0x00000007eb865200,0x00000007eb900000)
  to   space 1536K, 0% used [0x00000007eb980000,0x00000007eb980000,0x00000007ebb00000)
 ParOldGen       total 373248K, used 372762K [0x00000007c0000000, 0x00000007d6c80000, 0x00000007eab00000)
  object space 373248K, 99% used [0x00000007c0000000,0x00000007d6c06910,0x00000007d6c80000)
 Metaspace       used 98337K, committed 99776K, reserved 1146880K
  class space    used 9442K, committed 10048K, reserved 1048576K
}
Event: 63301.190 GC heap before
{Heap before GC invocations=54223 (full 896):
 PSYoungGen      total 14336K, used 1428K [0x00000007eab00000, 0x00000007ebb00000, 0x0000000800000000)
  eden space 12288K, 0% used [0x00000007eab00000,0x00000007eab00000,0x00000007eb700000)
  from space 2048K, 69% used [0x00000007eb700000,0x00000007eb865200,0x00000007eb900000)
  to   space 1536K, 0% used [0x00000007eb980000,0x00000007eb980000,0x00000007ebb00000)
 ParOldGen       total 373248K, used 372762K [0x00000007c0000000, 0x00000007d6c80000, 0x00000007eab00000)
  object space 373248K, 99% used [0x00000007c0000000,0x00000007d6c06910,0x00000007d6c80000)
 Metaspace       used 98337K, committed 99776K, reserved 1146880K
  class space    used 9442K, committed 10048K, reserved 1048576K
}

